{"@timestamp":"2025-12-03T20:36:08.170731231-04:00","@version":"1","message":"Starting OrdenServiceApplication v0.0.1-SNAPSHOT using Java 21.0.9 with PID 10316 (/home/rusok/Documentos/DevOps/Microservicios/orden-service/target/orden-service-0.0.1-SNAPSHOT.jar started by rusok in /home/rusok/Documentos/DevOps/Microservicios)","logger_name":"principal_orden.OrdenServiceApplication","thread_name":"main","level":"INFO","level_value":20000}
{"@timestamp":"2025-12-03T20:36:08.232258331-04:00","@version":"1","message":"No active profile set, falling back to 1 default profile: \"default\"","logger_name":"principal_orden.OrdenServiceApplication","thread_name":"main","level":"INFO","level_value":20000}
{"@timestamp":"2025-12-03T20:36:11.332926467-04:00","@version":"1","message":"Bootstrapping Spring Data JPA repositories in DEFAULT mode.","logger_name":"org.springframework.data.repository.config.RepositoryConfigurationDelegate","thread_name":"main","level":"INFO","level_value":20000}
{"@timestamp":"2025-12-03T20:36:11.556975052-04:00","@version":"1","message":"Finished Spring Data repository scanning in 183 ms. Found 1 JPA repository interface.","logger_name":"org.springframework.data.repository.config.RepositoryConfigurationDelegate","thread_name":"main","level":"INFO","level_value":20000}
{"@timestamp":"2025-12-03T20:36:12.512533041-04:00","@version":"1","message":"BeanFactory id=86aac8a9-4d51-30f1-9248-9cf9b0d85c70","logger_name":"org.springframework.cloud.context.scope.GenericScope","thread_name":"main","level":"INFO","level_value":20000}
{"@timestamp":"2025-12-03T20:36:15.001259624-04:00","@version":"1","message":"Tomcat initialized with port 8082 (http)","logger_name":"org.springframework.boot.web.embedded.tomcat.TomcatWebServer","thread_name":"main","level":"INFO","level_value":20000}
{"@timestamp":"2025-12-03T20:36:15.0890779-04:00","@version":"1","message":"Starting service [Tomcat]","logger_name":"org.apache.catalina.core.StandardService","thread_name":"main","level":"INFO","level_value":20000}
{"@timestamp":"2025-12-03T20:36:15.090279705-04:00","@version":"1","message":"Starting Servlet engine: [Apache Tomcat/10.1.48]","logger_name":"org.apache.catalina.core.StandardEngine","thread_name":"main","level":"INFO","level_value":20000}
{"@timestamp":"2025-12-03T20:36:15.202506562-04:00","@version":"1","message":"Initializing Spring embedded WebApplicationContext","logger_name":"org.apache.catalina.core.ContainerBase.[Tomcat].[localhost].[/]","thread_name":"main","level":"INFO","level_value":20000}
{"@timestamp":"2025-12-03T20:36:15.205972295-04:00","@version":"1","message":"Root WebApplicationContext: initialization completed in 6824 ms","logger_name":"org.springframework.boot.web.servlet.context.ServletWebServerApplicationContext","thread_name":"main","level":"INFO","level_value":20000}
{"@timestamp":"2025-12-03T20:36:17.634954017-04:00","@version":"1","message":"HHH000204: Processing PersistenceUnitInfo [name: default]","logger_name":"org.hibernate.jpa.internal.util.LogHelper","thread_name":"main","level":"INFO","level_value":20000}
{"@timestamp":"2025-12-03T20:36:17.892777334-04:00","@version":"1","message":"HHH000412: Hibernate ORM core version 6.6.33.Final","logger_name":"org.hibernate.Version","thread_name":"main","level":"INFO","level_value":20000}
{"@timestamp":"2025-12-03T20:36:18.024394775-04:00","@version":"1","message":"HHH000026: Second-level cache disabled","logger_name":"org.hibernate.cache.internal.RegionFactoryInitiator","thread_name":"main","level":"INFO","level_value":20000}
{"@timestamp":"2025-12-03T20:36:19.515838619-04:00","@version":"1","message":"No LoadTimeWeaver setup: ignoring JPA class transformer","logger_name":"org.springframework.orm.jpa.persistenceunit.SpringPersistenceUnitInfo","thread_name":"main","level":"INFO","level_value":20000}
{"@timestamp":"2025-12-03T20:36:19.708887444-04:00","@version":"1","message":"HikariPool-1 - Starting...","logger_name":"com.zaxxer.hikari.HikariDataSource","thread_name":"main","level":"INFO","level_value":20000}
{"@timestamp":"2025-12-03T20:36:20.379041748-04:00","@version":"1","message":"HikariPool-1 - Added connection conn0: url=jdbc:h2:mem:ordenes user=SA","logger_name":"com.zaxxer.hikari.pool.HikariPool","thread_name":"main","level":"INFO","level_value":20000}
{"@timestamp":"2025-12-03T20:36:20.389034457-04:00","@version":"1","message":"HikariPool-1 - Start completed.","logger_name":"com.zaxxer.hikari.HikariDataSource","thread_name":"main","level":"INFO","level_value":20000}
{"@timestamp":"2025-12-03T20:36:20.528081153-04:00","@version":"1","message":"HHH10001005: Database info:\n\tDatabase JDBC URL [Connecting through datasource 'HikariDataSource (HikariPool-1)']\n\tDatabase driver: undefined/unknown\n\tDatabase version: 2.3.232\n\tAutocommit mode: undefined/unknown\n\tIsolation level: undefined/unknown\n\tMinimum pool size: undefined/unknown\n\tMaximum pool size: undefined/unknown","logger_name":"org.hibernate.orm.connections.pooling","thread_name":"main","level":"INFO","level_value":20000}
{"@timestamp":"2025-12-03T20:36:23.193667979-04:00","@version":"1","message":"HHH000489: No JTA platform available (set 'hibernate.transaction.jta.platform' to enable JTA platform integration)","logger_name":"org.hibernate.engine.transaction.jta.platform.internal.JtaPlatformInitiator","thread_name":"main","level":"INFO","level_value":20000}
{"@timestamp":"2025-12-03T20:36:23.302109171-04:00","@version":"1","message":"Initialized JPA EntityManagerFactory for persistence unit 'default'","logger_name":"org.springframework.orm.jpa.LocalContainerEntityManagerFactoryBean","thread_name":"main","level":"INFO","level_value":20000}
{"@timestamp":"2025-12-03T20:36:25.680366327-04:00","@version":"1","message":"spring.jpa.open-in-view is enabled by default. Therefore, database queries may be performed during view rendering. Explicitly configure spring.jpa.open-in-view to disable this warning","logger_name":"org.springframework.boot.autoconfigure.orm.jpa.JpaBaseConfiguration$JpaWebConfiguration","thread_name":"main","level":"WARN","level_value":30000}
{"@timestamp":"2025-12-03T20:36:27.206497394-04:00","@version":"1","message":"Exposing 4 endpoints beneath base path '/actuator'","logger_name":"org.springframework.boot.actuate.endpoint.web.EndpointLinksResolver","thread_name":"main","level":"INFO","level_value":20000}
{"@timestamp":"2025-12-03T20:36:27.331709866-04:00","@version":"1","message":"Tomcat started on port 8082 (http) with context path '/'","logger_name":"org.springframework.boot.web.embedded.tomcat.TomcatWebServer","thread_name":"main","level":"INFO","level_value":20000}
{"@timestamp":"2025-12-03T20:36:27.388904544-04:00","@version":"1","message":"Started OrdenServiceApplication in 20.769 seconds (process running for 24.579)","logger_name":"principal_orden.OrdenServiceApplication","thread_name":"main","level":"INFO","level_value":20000}
{"@timestamp":"2025-12-03T20:44:34.72399679-04:00","@version":"1","message":"Initializing Spring DispatcherServlet 'dispatcherServlet'","logger_name":"org.apache.catalina.core.ContainerBase.[Tomcat].[localhost].[/]","thread_name":"http-nio-8082-exec-1","level":"INFO","level_value":20000,"trace_id":"80d519d0f7a2bffb7e38417be518a899","trace_flags":"01","span_id":"9e604227f2a92654"}
{"@timestamp":"2025-12-03T20:44:34.751545748-04:00","@version":"1","message":"Initializing Servlet 'dispatcherServlet'","logger_name":"org.springframework.web.servlet.DispatcherServlet","thread_name":"http-nio-8082-exec-1","level":"INFO","level_value":20000,"trace_id":"80d519d0f7a2bffb7e38417be518a899","trace_flags":"01","span_id":"9e604227f2a92654"}
{"@timestamp":"2025-12-03T20:44:34.754585445-04:00","@version":"1","message":"Completed initialization in 2 ms","logger_name":"org.springframework.web.servlet.DispatcherServlet","thread_name":"http-nio-8082-exec-1","level":"INFO","level_value":20000,"trace_id":"80d519d0f7a2bffb7e38417be518a899","trace_flags":"01","span_id":"9e604227f2a92654"}
{"@timestamp":"2025-12-03T20:45:41.105730624-04:00","@version":"1","message":"Retornando todas las ordenes","logger_name":"principal_orden.Services.OrdenService","thread_name":"http-nio-8082-exec-3","level":"INFO","level_value":20000,"traceId":"6930d9b51dffefb2463bf3b92165fd46","spanId":"463bf3b92165fd46","trace_id":"03f7ea91d2b68dbec4c0ee4a38ce724e","trace_flags":"01","span_id":"2f044f732da1ffff"}
{"@timestamp":"2025-12-03T20:47:16.122875738-04:00","@version":"1","message":"Commencing graceful shutdown. Waiting for active requests to complete","logger_name":"org.springframework.boot.web.embedded.tomcat.GracefulShutdown","thread_name":"SpringApplicationShutdownHook","level":"INFO","level_value":20000}
{"@timestamp":"2025-12-03T20:47:16.132304679-04:00","@version":"1","message":"Graceful shutdown complete","logger_name":"org.springframework.boot.web.embedded.tomcat.GracefulShutdown","thread_name":"tomcat-shutdown","level":"INFO","level_value":20000}
{"@timestamp":"2025-12-03T20:47:16.153274988-04:00","@version":"1","message":"Closing JPA EntityManagerFactory for persistence unit 'default'","logger_name":"org.springframework.orm.jpa.LocalContainerEntityManagerFactoryBean","thread_name":"SpringApplicationShutdownHook","level":"INFO","level_value":20000}
{"@timestamp":"2025-12-03T20:47:16.155916816-04:00","@version":"1","message":"HikariPool-1 - Shutdown initiated...","logger_name":"com.zaxxer.hikari.HikariDataSource","thread_name":"SpringApplicationShutdownHook","level":"INFO","level_value":20000}
{"@timestamp":"2025-12-03T20:47:16.165299728-04:00","@version":"1","message":"HikariPool-1 - Shutdown completed.","logger_name":"com.zaxxer.hikari.HikariDataSource","thread_name":"SpringApplicationShutdownHook","level":"INFO","level_value":20000}
{"@timestamp":"2025-12-03T20:47:35.364919554-04:00","@version":"1","message":"Starting OrdenServiceApplication v0.0.1-SNAPSHOT using Java 21.0.9 with PID 13921 (/home/rusok/Documentos/DevOps/Microservicios/orden-service/target/orden-service-0.0.1-SNAPSHOT.jar started by rusok in /home/rusok/Documentos/DevOps/Microservicios)","logger_name":"principal_orden.OrdenServiceApplication","thread_name":"main","level":"INFO","level_value":20000}
{"@timestamp":"2025-12-03T20:47:35.396857912-04:00","@version":"1","message":"No active profile set, falling back to 1 default profile: \"default\"","logger_name":"principal_orden.OrdenServiceApplication","thread_name":"main","level":"INFO","level_value":20000}
{"@timestamp":"2025-12-03T20:47:37.355485582-04:00","@version":"1","message":"Bootstrapping Spring Data JPA repositories in DEFAULT mode.","logger_name":"org.springframework.data.repository.config.RepositoryConfigurationDelegate","thread_name":"main","level":"INFO","level_value":20000}
{"@timestamp":"2025-12-03T20:47:37.460132671-04:00","@version":"1","message":"Finished Spring Data repository scanning in 89 ms. Found 1 JPA repository interface.","logger_name":"org.springframework.data.repository.config.RepositoryConfigurationDelegate","thread_name":"main","level":"INFO","level_value":20000}
{"@timestamp":"2025-12-03T20:47:37.91373002-04:00","@version":"1","message":"BeanFactory id=86aac8a9-4d51-30f1-9248-9cf9b0d85c70","logger_name":"org.springframework.cloud.context.scope.GenericScope","thread_name":"main","level":"INFO","level_value":20000}
{"@timestamp":"2025-12-03T20:47:39.842626558-04:00","@version":"1","message":"Tomcat initialized with port 8082 (http)","logger_name":"org.springframework.boot.web.embedded.tomcat.TomcatWebServer","thread_name":"main","level":"INFO","level_value":20000}
{"@timestamp":"2025-12-03T20:47:39.918543762-04:00","@version":"1","message":"Starting service [Tomcat]","logger_name":"org.apache.catalina.core.StandardService","thread_name":"main","level":"INFO","level_value":20000}
{"@timestamp":"2025-12-03T20:47:39.919250774-04:00","@version":"1","message":"Starting Servlet engine: [Apache Tomcat/10.1.48]","logger_name":"org.apache.catalina.core.StandardEngine","thread_name":"main","level":"INFO","level_value":20000}
{"@timestamp":"2025-12-03T20:47:40.004008567-04:00","@version":"1","message":"Initializing Spring embedded WebApplicationContext","logger_name":"org.apache.catalina.core.ContainerBase.[Tomcat].[localhost].[/]","thread_name":"main","level":"INFO","level_value":20000}
{"@timestamp":"2025-12-03T20:47:40.005627347-04:00","@version":"1","message":"Root WebApplicationContext: initialization completed in 4540 ms","logger_name":"org.springframework.boot.web.servlet.context.ServletWebServerApplicationContext","thread_name":"main","level":"INFO","level_value":20000}
{"@timestamp":"2025-12-03T20:47:42.919074998-04:00","@version":"1","message":"HHH000204: Processing PersistenceUnitInfo [name: default]","logger_name":"org.hibernate.jpa.internal.util.LogHelper","thread_name":"main","level":"INFO","level_value":20000}
{"@timestamp":"2025-12-03T20:47:43.151356954-04:00","@version":"1","message":"HHH000412: Hibernate ORM core version 6.6.33.Final","logger_name":"org.hibernate.Version","thread_name":"main","level":"INFO","level_value":20000}
{"@timestamp":"2025-12-03T20:47:43.286380809-04:00","@version":"1","message":"HHH000026: Second-level cache disabled","logger_name":"org.hibernate.cache.internal.RegionFactoryInitiator","thread_name":"main","level":"INFO","level_value":20000}
{"@timestamp":"2025-12-03T20:47:44.671691974-04:00","@version":"1","message":"No LoadTimeWeaver setup: ignoring JPA class transformer","logger_name":"org.springframework.orm.jpa.persistenceunit.SpringPersistenceUnitInfo","thread_name":"main","level":"INFO","level_value":20000}
{"@timestamp":"2025-12-03T20:47:44.802161589-04:00","@version":"1","message":"HikariPool-1 - Starting...","logger_name":"com.zaxxer.hikari.HikariDataSource","thread_name":"main","level":"INFO","level_value":20000}
{"@timestamp":"2025-12-03T20:47:45.55993787-04:00","@version":"1","message":"HikariPool-1 - Added connection conn0: url=jdbc:h2:mem:ordenes user=SA","logger_name":"com.zaxxer.hikari.pool.HikariPool","thread_name":"main","level":"INFO","level_value":20000}
{"@timestamp":"2025-12-03T20:47:45.581234658-04:00","@version":"1","message":"HikariPool-1 - Start completed.","logger_name":"com.zaxxer.hikari.HikariDataSource","thread_name":"main","level":"INFO","level_value":20000}
{"@timestamp":"2025-12-03T20:47:45.74989301-04:00","@version":"1","message":"HHH10001005: Database info:\n\tDatabase JDBC URL [Connecting through datasource 'HikariDataSource (HikariPool-1)']\n\tDatabase driver: undefined/unknown\n\tDatabase version: 2.3.232\n\tAutocommit mode: undefined/unknown\n\tIsolation level: undefined/unknown\n\tMinimum pool size: undefined/unknown\n\tMaximum pool size: undefined/unknown","logger_name":"org.hibernate.orm.connections.pooling","thread_name":"main","level":"INFO","level_value":20000}
{"@timestamp":"2025-12-03T20:47:47.796035072-04:00","@version":"1","message":"HHH000489: No JTA platform available (set 'hibernate.transaction.jta.platform' to enable JTA platform integration)","logger_name":"org.hibernate.engine.transaction.jta.platform.internal.JtaPlatformInitiator","thread_name":"main","level":"INFO","level_value":20000}
{"@timestamp":"2025-12-03T20:47:47.861697532-04:00","@version":"1","message":"Initialized JPA EntityManagerFactory for persistence unit 'default'","logger_name":"org.springframework.orm.jpa.LocalContainerEntityManagerFactoryBean","thread_name":"main","level":"INFO","level_value":20000}
{"@timestamp":"2025-12-03T20:47:49.03668037-04:00","@version":"1","message":"spring.jpa.open-in-view is enabled by default. Therefore, database queries may be performed during view rendering. Explicitly configure spring.jpa.open-in-view to disable this warning","logger_name":"org.springframework.boot.autoconfigure.orm.jpa.JpaBaseConfiguration$JpaWebConfiguration","thread_name":"main","level":"WARN","level_value":30000}
{"@timestamp":"2025-12-03T20:47:53.49380434-04:00","@version":"1","message":"Exposing 4 endpoints beneath base path '/actuator'","logger_name":"org.springframework.boot.actuate.endpoint.web.EndpointLinksResolver","thread_name":"main","level":"INFO","level_value":20000}
{"@timestamp":"2025-12-03T20:47:53.857633004-04:00","@version":"1","message":"Tomcat started on port 8082 (http) with context path '/'","logger_name":"org.springframework.boot.web.embedded.tomcat.TomcatWebServer","thread_name":"main","level":"INFO","level_value":20000}
{"@timestamp":"2025-12-03T20:47:53.917113489-04:00","@version":"1","message":"Started OrdenServiceApplication in 20.223 seconds (process running for 24.98)","logger_name":"principal_orden.OrdenServiceApplication","thread_name":"main","level":"INFO","level_value":20000}
{"@timestamp":"2025-12-03T20:47:58.555990759-04:00","@version":"1","message":"Initializing Spring DispatcherServlet 'dispatcherServlet'","logger_name":"org.apache.catalina.core.ContainerBase.[Tomcat].[localhost].[/]","thread_name":"http-nio-8082-exec-1","level":"INFO","level_value":20000,"trace_id":"6ac5ec61bfe1f8a52f0874d72a7e50e6","trace_flags":"01","span_id":"bb3dcd55d44c57d1"}
{"@timestamp":"2025-12-03T20:47:58.574303025-04:00","@version":"1","message":"Initializing Servlet 'dispatcherServlet'","logger_name":"org.springframework.web.servlet.DispatcherServlet","thread_name":"http-nio-8082-exec-1","level":"INFO","level_value":20000,"trace_id":"6ac5ec61bfe1f8a52f0874d72a7e50e6","trace_flags":"01","span_id":"bb3dcd55d44c57d1"}
{"@timestamp":"2025-12-03T20:47:58.581109869-04:00","@version":"1","message":"Completed initialization in 6 ms","logger_name":"org.springframework.web.servlet.DispatcherServlet","thread_name":"http-nio-8082-exec-1","level":"INFO","level_value":20000,"trace_id":"6ac5ec61bfe1f8a52f0874d72a7e50e6","trace_flags":"01","span_id":"bb3dcd55d44c57d1"}
{"@timestamp":"2025-12-03T20:48:11.111682403-04:00","@version":"1","message":"Retornando todas las ordenes","logger_name":"principal_orden.Services.OrdenService","thread_name":"http-nio-8082-exec-3","level":"INFO","level_value":20000,"traceId":"6930da4b94740bd481d494ad1af1f0e5","spanId":"81d494ad1af1f0e5","trace_id":"f9ac852f135700ff569bda5e237e7c32","trace_flags":"01","span_id":"5d98104dcdd0f522"}
{"@timestamp":"2025-12-03T20:57:43.589205753-04:00","@version":"1","message":"Commencing graceful shutdown. Waiting for active requests to complete","logger_name":"org.springframework.boot.web.embedded.tomcat.GracefulShutdown","thread_name":"SpringApplicationShutdownHook","level":"INFO","level_value":20000}
{"@timestamp":"2025-12-03T20:57:43.593697715-04:00","@version":"1","message":"Graceful shutdown complete","logger_name":"org.springframework.boot.web.embedded.tomcat.GracefulShutdown","thread_name":"tomcat-shutdown","level":"INFO","level_value":20000}
{"@timestamp":"2025-12-03T20:57:43.624043736-04:00","@version":"1","message":"Closing JPA EntityManagerFactory for persistence unit 'default'","logger_name":"org.springframework.orm.jpa.LocalContainerEntityManagerFactoryBean","thread_name":"SpringApplicationShutdownHook","level":"INFO","level_value":20000}
{"@timestamp":"2025-12-03T20:57:43.634585787-04:00","@version":"1","message":"HikariPool-1 - Shutdown initiated...","logger_name":"com.zaxxer.hikari.HikariDataSource","thread_name":"SpringApplicationShutdownHook","level":"INFO","level_value":20000}
{"@timestamp":"2025-12-03T20:57:43.654210454-04:00","@version":"1","message":"HikariPool-1 - Shutdown completed.","logger_name":"com.zaxxer.hikari.HikariDataSource","thread_name":"SpringApplicationShutdownHook","level":"INFO","level_value":20000}
