{"@timestamp":"2025-12-02T21:07:18.500262215-04:00","@version":"1","message":"Starting ProductoServiceApplication v0.0.1-SNAPSHOT using Java 21.0.9 with PID 12853 (/home/rusok/Documentos/DevOps/Microservicios/producto-service/target/producto-service-0.0.1-SNAPSHOT.jar started by rusok in /home/rusok/Documentos/DevOps/Microservicios)","logger_name":"principal.ProductoServiceApplication","thread_name":"main","level":"INFO","level_value":20000}
{"@timestamp":"2025-12-02T21:07:18.518838677-04:00","@version":"1","message":"No active profile set, falling back to 1 default profile: \"default\"","logger_name":"principal.ProductoServiceApplication","thread_name":"main","level":"INFO","level_value":20000}
{"@timestamp":"2025-12-02T21:07:20.116573834-04:00","@version":"1","message":"Bootstrapping Spring Data JPA repositories in DEFAULT mode.","logger_name":"org.springframework.data.repository.config.RepositoryConfigurationDelegate","thread_name":"main","level":"INFO","level_value":20000}
{"@timestamp":"2025-12-02T21:07:20.274753427-04:00","@version":"1","message":"Finished Spring Data repository scanning in 125 ms. Found 1 JPA repository interface.","logger_name":"org.springframework.data.repository.config.RepositoryConfigurationDelegate","thread_name":"main","level":"INFO","level_value":20000}
{"@timestamp":"2025-12-02T21:07:20.929545088-04:00","@version":"1","message":"Tomcat initialized with port 8081 (http)","logger_name":"org.springframework.boot.web.embedded.tomcat.TomcatWebServer","thread_name":"main","level":"INFO","level_value":20000}
{"@timestamp":"2025-12-02T21:07:20.948053609-04:00","@version":"1","message":"Starting service [Tomcat]","logger_name":"org.apache.catalina.core.StandardService","thread_name":"main","level":"INFO","level_value":20000}
{"@timestamp":"2025-12-02T21:07:20.948390635-04:00","@version":"1","message":"Starting Servlet engine: [Apache Tomcat/10.1.48]","logger_name":"org.apache.catalina.core.StandardEngine","thread_name":"main","level":"INFO","level_value":20000}
{"@timestamp":"2025-12-02T21:07:21.004094478-04:00","@version":"1","message":"Initializing Spring embedded WebApplicationContext","logger_name":"org.apache.catalina.core.ContainerBase.[Tomcat].[localhost].[/]","thread_name":"main","level":"INFO","level_value":20000}
{"@timestamp":"2025-12-02T21:07:21.005399272-04:00","@version":"1","message":"Root WebApplicationContext: initialization completed in 2418 ms","logger_name":"org.springframework.boot.web.servlet.context.ServletWebServerApplicationContext","thread_name":"main","level":"INFO","level_value":20000}
{"@timestamp":"2025-12-02T21:07:21.717066277-04:00","@version":"1","message":"HHH000204: Processing PersistenceUnitInfo [name: default]","logger_name":"org.hibernate.jpa.internal.util.LogHelper","thread_name":"main","level":"INFO","level_value":20000}
{"@timestamp":"2025-12-02T21:07:21.774471778-04:00","@version":"1","message":"HHH000412: Hibernate ORM core version 6.6.33.Final","logger_name":"org.hibernate.Version","thread_name":"main","level":"INFO","level_value":20000}
{"@timestamp":"2025-12-02T21:07:21.808975731-04:00","@version":"1","message":"HHH000026: Second-level cache disabled","logger_name":"org.hibernate.cache.internal.RegionFactoryInitiator","thread_name":"main","level":"INFO","level_value":20000}
{"@timestamp":"2025-12-02T21:07:22.228544515-04:00","@version":"1","message":"No LoadTimeWeaver setup: ignoring JPA class transformer","logger_name":"org.springframework.orm.jpa.persistenceunit.SpringPersistenceUnitInfo","thread_name":"main","level":"INFO","level_value":20000}
{"@timestamp":"2025-12-02T21:07:22.264222231-04:00","@version":"1","message":"HikariPool-1 - Starting...","logger_name":"com.zaxxer.hikari.HikariDataSource","thread_name":"main","level":"INFO","level_value":20000}
{"@timestamp":"2025-12-02T21:07:22.499351129-04:00","@version":"1","message":"HikariPool-1 - Added connection conn0: url=jdbc:h2:mem:productos user=SA","logger_name":"com.zaxxer.hikari.pool.HikariPool","thread_name":"main","level":"INFO","level_value":20000}
{"@timestamp":"2025-12-02T21:07:22.500880358-04:00","@version":"1","message":"HikariPool-1 - Start completed.","logger_name":"com.zaxxer.hikari.HikariDataSource","thread_name":"main","level":"INFO","level_value":20000}
{"@timestamp":"2025-12-02T21:07:22.554704749-04:00","@version":"1","message":"HHH10001005: Database info:\n\tDatabase JDBC URL [Connecting through datasource 'HikariDataSource (HikariPool-1)']\n\tDatabase driver: undefined/unknown\n\tDatabase version: 2.3.232\n\tAutocommit mode: undefined/unknown\n\tIsolation level: undefined/unknown\n\tMinimum pool size: undefined/unknown\n\tMaximum pool size: undefined/unknown","logger_name":"org.hibernate.orm.connections.pooling","thread_name":"main","level":"INFO","level_value":20000}
{"@timestamp":"2025-12-02T21:07:24.177581235-04:00","@version":"1","message":"HHH000489: No JTA platform available (set 'hibernate.transaction.jta.platform' to enable JTA platform integration)","logger_name":"org.hibernate.engine.transaction.jta.platform.internal.JtaPlatformInitiator","thread_name":"main","level":"INFO","level_value":20000}
{"@timestamp":"2025-12-02T21:07:24.255752907-04:00","@version":"1","message":"Initialized JPA EntityManagerFactory for persistence unit 'default'","logger_name":"org.springframework.orm.jpa.LocalContainerEntityManagerFactoryBean","thread_name":"main","level":"INFO","level_value":20000}
{"@timestamp":"2025-12-02T21:07:24.681219351-04:00","@version":"1","message":"spring.jpa.open-in-view is enabled by default. Therefore, database queries may be performed during view rendering. Explicitly configure spring.jpa.open-in-view to disable this warning","logger_name":"org.springframework.boot.autoconfigure.orm.jpa.JpaBaseConfiguration$JpaWebConfiguration","thread_name":"main","level":"WARN","level_value":30000}
{"@timestamp":"2025-12-02T21:07:25.769008869-04:00","@version":"1","message":"Exposing 4 endpoints beneath base path '/actuator'","logger_name":"org.springframework.boot.actuate.endpoint.web.EndpointLinksResolver","thread_name":"main","level":"INFO","level_value":20000}
{"@timestamp":"2025-12-02T21:07:25.914395981-04:00","@version":"1","message":"Tomcat started on port 8081 (http) with context path '/'","logger_name":"org.springframework.boot.web.embedded.tomcat.TomcatWebServer","thread_name":"main","level":"INFO","level_value":20000}
{"@timestamp":"2025-12-02T21:07:25.93327517-04:00","@version":"1","message":"Started ProductoServiceApplication in 9.315 seconds (process running for 9.874)","logger_name":"principal.ProductoServiceApplication","thread_name":"main","level":"INFO","level_value":20000}
{"@timestamp":"2025-12-02T21:12:36.551659864-04:00","@version":"1","message":"Initializing Spring DispatcherServlet 'dispatcherServlet'","logger_name":"org.apache.catalina.core.ContainerBase.[Tomcat].[localhost].[/]","thread_name":"http-nio-8081-exec-1","level":"INFO","level_value":20000}
{"@timestamp":"2025-12-02T21:12:36.552952027-04:00","@version":"1","message":"Initializing Servlet 'dispatcherServlet'","logger_name":"org.springframework.web.servlet.DispatcherServlet","thread_name":"http-nio-8081-exec-1","level":"INFO","level_value":20000}
{"@timestamp":"2025-12-02T21:12:36.558757372-04:00","@version":"1","message":"Completed initialization in 5 ms","logger_name":"org.springframework.web.servlet.DispatcherServlet","thread_name":"http-nio-8081-exec-1","level":"INFO","level_value":20000}
{"@timestamp":"2025-12-02T21:12:36.955021807-04:00","@version":"1","message":"Llamando a productoService para guardar el producto: Producto(id=null, nombre=Shampoo, precio=25.0)","logger_name":"principal.Controladores.ProductoController","thread_name":"http-nio-8081-exec-1","level":"INFO","level_value":20000,"traceId":"692f8e84ac591afb1ba1fc5cc2f3b2b7","spanId":"1ba1fc5cc2f3b2b7"}
{"@timestamp":"2025-12-02T21:12:36.978925557-04:00","@version":"1","message":"Intentando guardar producto: Producto(id=null, nombre=Shampoo, precio=25.0)","logger_name":"principal.Servicios.ProductoService","thread_name":"http-nio-8081-exec-1","level":"INFO","level_value":20000,"traceId":"692f8e84ac591afb1ba1fc5cc2f3b2b7","spanId":"1ba1fc5cc2f3b2b7"}
{"@timestamp":"2025-12-02T21:12:37.206786965-04:00","@version":"1","message":"Producto guardado exitosamente con ID: 1","logger_name":"principal.Servicios.ProductoService","thread_name":"http-nio-8081-exec-1","level":"INFO","level_value":20000,"traceId":"692f8e84ac591afb1ba1fc5cc2f3b2b7","spanId":"1ba1fc5cc2f3b2b7"}
{"@timestamp":"2025-12-02T21:12:50.954759348-04:00","@version":"1","message":"Llamando a productoService para guardar el producto: Producto(id=null, nombre=Toalla, precio=25.0)","logger_name":"principal.Controladores.ProductoController","thread_name":"http-nio-8081-exec-2","level":"INFO","level_value":20000,"traceId":"692f8e92fc9396e03a06f98c7cd75607","spanId":"3a06f98c7cd75607"}
{"@timestamp":"2025-12-02T21:12:50.955817466-04:00","@version":"1","message":"Intentando guardar producto: Producto(id=null, nombre=Toalla, precio=25.0)","logger_name":"principal.Servicios.ProductoService","thread_name":"http-nio-8081-exec-2","level":"INFO","level_value":20000,"traceId":"692f8e92fc9396e03a06f98c7cd75607","spanId":"3a06f98c7cd75607"}
{"@timestamp":"2025-12-02T21:12:50.958324168-04:00","@version":"1","message":"Producto guardado exitosamente con ID: 2","logger_name":"principal.Servicios.ProductoService","thread_name":"http-nio-8081-exec-2","level":"INFO","level_value":20000,"traceId":"692f8e92fc9396e03a06f98c7cd75607","spanId":"3a06f98c7cd75607"}
{"@timestamp":"2025-12-02T21:13:04.932690931-04:00","@version":"1","message":"Llamando a productoService para guardar el producto: Producto(id=null, nombre=Jabón líquido, precio=50.0)","logger_name":"principal.Controladores.ProductoController","thread_name":"http-nio-8081-exec-3","level":"INFO","level_value":20000,"traceId":"692f8ea089bd839bf3e11e9e05f19698","spanId":"f3e11e9e05f19698"}
{"@timestamp":"2025-12-02T21:13:04.933052315-04:00","@version":"1","message":"Intentando guardar producto: Producto(id=null, nombre=Jabón líquido, precio=50.0)","logger_name":"principal.Servicios.ProductoService","thread_name":"http-nio-8081-exec-3","level":"INFO","level_value":20000,"traceId":"692f8ea089bd839bf3e11e9e05f19698","spanId":"f3e11e9e05f19698"}
{"@timestamp":"2025-12-02T21:13:04.936894162-04:00","@version":"1","message":"Producto guardado exitosamente con ID: 3","logger_name":"principal.Servicios.ProductoService","thread_name":"http-nio-8081-exec-3","level":"INFO","level_value":20000,"traceId":"692f8ea089bd839bf3e11e9e05f19698","spanId":"f3e11e9e05f19698"}
{"@timestamp":"2025-12-02T21:13:11.210164298-04:00","@version":"1","message":"Buscando producto con ID: 2","logger_name":"principal.Servicios.ProductoService","thread_name":"http-nio-8081-exec-4","level":"INFO","level_value":20000,"traceId":"692f8ea7f8a194096da2208cd30c6216","spanId":"6da2208cd30c6216"}
{"@timestamp":"2025-12-02T21:13:11.262455737-04:00","@version":"1","message":"Producto encontrado: Producto(id=2, nombre=Toalla, precio=25.0)","logger_name":"principal.Servicios.ProductoService","thread_name":"http-nio-8081-exec-4","level":"INFO","level_value":20000,"traceId":"692f8ea7f8a194096da2208cd30c6216","spanId":"6da2208cd30c6216"}
{"@timestamp":"2025-12-02T21:13:54.091808828-04:00","@version":"1","message":"Buscando producto con ID: 3","logger_name":"principal.Servicios.ProductoService","thread_name":"http-nio-8081-exec-5","level":"INFO","level_value":20000,"traceId":"692f8ed247a592e7d77072ddb19dc9f3","spanId":"d77072ddb19dc9f3"}
{"@timestamp":"2025-12-02T21:13:54.094242811-04:00","@version":"1","message":"Producto encontrado: Producto(id=3, nombre=Jabón líquido, precio=50.0)","logger_name":"principal.Servicios.ProductoService","thread_name":"http-nio-8081-exec-5","level":"INFO","level_value":20000,"traceId":"692f8ed247a592e7d77072ddb19dc9f3","spanId":"d77072ddb19dc9f3"}
{"@timestamp":"2025-12-02T21:22:57.984293927-04:00","@version":"1","message":"Buscando producto con ID: 3","logger_name":"principal.Servicios.ProductoService","thread_name":"http-nio-8081-exec-8","level":"INFO","level_value":20000,"traceId":"692f90f15f1fa4efde3f2a45e262d8f6","spanId":"de3f2a45e262d8f6"}
{"@timestamp":"2025-12-02T21:22:57.989395649-04:00","@version":"1","message":"Producto encontrado: Producto(id=3, nombre=Jabón líquido, precio=50.0)","logger_name":"principal.Servicios.ProductoService","thread_name":"http-nio-8081-exec-8","level":"INFO","level_value":20000,"traceId":"692f90f15f1fa4efde3f2a45e262d8f6","spanId":"de3f2a45e262d8f6"}
{"@timestamp":"2025-12-02T21:23:17.335775428-04:00","@version":"1","message":"Commencing graceful shutdown. Waiting for active requests to complete","logger_name":"org.springframework.boot.web.embedded.tomcat.GracefulShutdown","thread_name":"SpringApplicationShutdownHook","level":"INFO","level_value":20000}
{"@timestamp":"2025-12-02T21:23:17.346431277-04:00","@version":"1","message":"Graceful shutdown complete","logger_name":"org.springframework.boot.web.embedded.tomcat.GracefulShutdown","thread_name":"tomcat-shutdown","level":"INFO","level_value":20000}
{"@timestamp":"2025-12-02T21:23:17.372496562-04:00","@version":"1","message":"Closing JPA EntityManagerFactory for persistence unit 'default'","logger_name":"org.springframework.orm.jpa.LocalContainerEntityManagerFactoryBean","thread_name":"SpringApplicationShutdownHook","level":"INFO","level_value":20000}
{"@timestamp":"2025-12-02T21:23:17.383277052-04:00","@version":"1","message":"HikariPool-1 - Shutdown initiated...","logger_name":"com.zaxxer.hikari.HikariDataSource","thread_name":"SpringApplicationShutdownHook","level":"INFO","level_value":20000}
{"@timestamp":"2025-12-02T21:23:17.397851107-04:00","@version":"1","message":"HikariPool-1 - Shutdown completed.","logger_name":"com.zaxxer.hikari.HikariDataSource","thread_name":"SpringApplicationShutdownHook","level":"INFO","level_value":20000}
{"@timestamp":"2025-12-02T21:26:08.47861784-04:00","@version":"1","message":"Starting ProductoServiceApplication v0.0.1-SNAPSHOT using Java 21.0.9 with PID 19704 (/home/rusok/Documentos/DevOps/Microservicios/producto-service/target/producto-service-0.0.1-SNAPSHOT.jar started by rusok in /home/rusok/Documentos/DevOps/Microservicios)","logger_name":"principal.ProductoServiceApplication","thread_name":"main","level":"INFO","level_value":20000}
{"@timestamp":"2025-12-02T21:26:08.51344098-04:00","@version":"1","message":"No active profile set, falling back to 1 default profile: \"default\"","logger_name":"principal.ProductoServiceApplication","thread_name":"main","level":"INFO","level_value":20000}
{"@timestamp":"2025-12-02T21:26:11.66764264-04:00","@version":"1","message":"Bootstrapping Spring Data JPA repositories in DEFAULT mode.","logger_name":"org.springframework.data.repository.config.RepositoryConfigurationDelegate","thread_name":"main","level":"INFO","level_value":20000}
{"@timestamp":"2025-12-02T21:26:11.85099661-04:00","@version":"1","message":"Finished Spring Data repository scanning in 151 ms. Found 1 JPA repository interface.","logger_name":"org.springframework.data.repository.config.RepositoryConfigurationDelegate","thread_name":"main","level":"INFO","level_value":20000}
{"@timestamp":"2025-12-02T21:26:13.376723312-04:00","@version":"1","message":"Tomcat initialized with port 8081 (http)","logger_name":"org.springframework.boot.web.embedded.tomcat.TomcatWebServer","thread_name":"main","level":"INFO","level_value":20000}
{"@timestamp":"2025-12-02T21:26:13.421022076-04:00","@version":"1","message":"Starting service [Tomcat]","logger_name":"org.apache.catalina.core.StandardService","thread_name":"main","level":"INFO","level_value":20000}
{"@timestamp":"2025-12-02T21:26:13.421588385-04:00","@version":"1","message":"Starting Servlet engine: [Apache Tomcat/10.1.48]","logger_name":"org.apache.catalina.core.StandardEngine","thread_name":"main","level":"INFO","level_value":20000}
{"@timestamp":"2025-12-02T21:26:13.540906952-04:00","@version":"1","message":"Initializing Spring embedded WebApplicationContext","logger_name":"org.apache.catalina.core.ContainerBase.[Tomcat].[localhost].[/]","thread_name":"main","level":"INFO","level_value":20000}
{"@timestamp":"2025-12-02T21:26:13.543548744-04:00","@version":"1","message":"Root WebApplicationContext: initialization completed in 4931 ms","logger_name":"org.springframework.boot.web.servlet.context.ServletWebServerApplicationContext","thread_name":"main","level":"INFO","level_value":20000}
{"@timestamp":"2025-12-02T21:26:15.16545055-04:00","@version":"1","message":"HHH000204: Processing PersistenceUnitInfo [name: default]","logger_name":"org.hibernate.jpa.internal.util.LogHelper","thread_name":"main","level":"INFO","level_value":20000}
{"@timestamp":"2025-12-02T21:26:15.385109881-04:00","@version":"1","message":"HHH000412: Hibernate ORM core version 6.6.33.Final","logger_name":"org.hibernate.Version","thread_name":"main","level":"INFO","level_value":20000}
{"@timestamp":"2025-12-02T21:26:15.499880193-04:00","@version":"1","message":"HHH000026: Second-level cache disabled","logger_name":"org.hibernate.cache.internal.RegionFactoryInitiator","thread_name":"main","level":"INFO","level_value":20000}
{"@timestamp":"2025-12-02T21:26:16.25622812-04:00","@version":"1","message":"No LoadTimeWeaver setup: ignoring JPA class transformer","logger_name":"org.springframework.orm.jpa.persistenceunit.SpringPersistenceUnitInfo","thread_name":"main","level":"INFO","level_value":20000}
{"@timestamp":"2025-12-02T21:26:16.333220919-04:00","@version":"1","message":"HikariPool-1 - Starting...","logger_name":"com.zaxxer.hikari.HikariDataSource","thread_name":"main","level":"INFO","level_value":20000}
{"@timestamp":"2025-12-02T21:26:16.743286341-04:00","@version":"1","message":"HikariPool-1 - Added connection conn0: url=jdbc:h2:mem:productos user=SA","logger_name":"com.zaxxer.hikari.pool.HikariPool","thread_name":"main","level":"INFO","level_value":20000}
{"@timestamp":"2025-12-02T21:26:16.747508085-04:00","@version":"1","message":"HikariPool-1 - Start completed.","logger_name":"com.zaxxer.hikari.HikariDataSource","thread_name":"main","level":"INFO","level_value":20000}
{"@timestamp":"2025-12-02T21:26:16.84973896-04:00","@version":"1","message":"HHH10001005: Database info:\n\tDatabase JDBC URL [Connecting through datasource 'HikariDataSource (HikariPool-1)']\n\tDatabase driver: undefined/unknown\n\tDatabase version: 2.3.232\n\tAutocommit mode: undefined/unknown\n\tIsolation level: undefined/unknown\n\tMinimum pool size: undefined/unknown\n\tMaximum pool size: undefined/unknown","logger_name":"org.hibernate.orm.connections.pooling","thread_name":"main","level":"INFO","level_value":20000}
{"@timestamp":"2025-12-02T21:26:18.740506792-04:00","@version":"1","message":"HHH000489: No JTA platform available (set 'hibernate.transaction.jta.platform' to enable JTA platform integration)","logger_name":"org.hibernate.engine.transaction.jta.platform.internal.JtaPlatformInitiator","thread_name":"main","level":"INFO","level_value":20000}
{"@timestamp":"2025-12-02T21:26:18.856022341-04:00","@version":"1","message":"Initialized JPA EntityManagerFactory for persistence unit 'default'","logger_name":"org.springframework.orm.jpa.LocalContainerEntityManagerFactoryBean","thread_name":"main","level":"INFO","level_value":20000}
{"@timestamp":"2025-12-02T21:26:19.382848065-04:00","@version":"1","message":"spring.jpa.open-in-view is enabled by default. Therefore, database queries may be performed during view rendering. Explicitly configure spring.jpa.open-in-view to disable this warning","logger_name":"org.springframework.boot.autoconfigure.orm.jpa.JpaBaseConfiguration$JpaWebConfiguration","thread_name":"main","level":"WARN","level_value":30000}
{"@timestamp":"2025-12-02T21:26:20.510770075-04:00","@version":"1","message":"Exposing 4 endpoints beneath base path '/actuator'","logger_name":"org.springframework.boot.actuate.endpoint.web.EndpointLinksResolver","thread_name":"main","level":"INFO","level_value":20000}
{"@timestamp":"2025-12-02T21:26:20.64977375-04:00","@version":"1","message":"Tomcat started on port 8081 (http) with context path '/'","logger_name":"org.springframework.boot.web.embedded.tomcat.TomcatWebServer","thread_name":"main","level":"INFO","level_value":20000}
{"@timestamp":"2025-12-02T21:26:20.669778354-04:00","@version":"1","message":"Started ProductoServiceApplication in 13.83 seconds (process running for 14.706)","logger_name":"principal.ProductoServiceApplication","thread_name":"main","level":"INFO","level_value":20000}
{"@timestamp":"2025-12-02T21:30:48.931366555-04:00","@version":"1","message":"Commencing graceful shutdown. Waiting for active requests to complete","logger_name":"org.springframework.boot.web.embedded.tomcat.GracefulShutdown","thread_name":"SpringApplicationShutdownHook","level":"INFO","level_value":20000}
{"@timestamp":"2025-12-02T21:30:48.935640772-04:00","@version":"1","message":"Graceful shutdown complete","logger_name":"org.springframework.boot.web.embedded.tomcat.GracefulShutdown","thread_name":"tomcat-shutdown","level":"INFO","level_value":20000}
{"@timestamp":"2025-12-02T21:30:48.940993034-04:00","@version":"1","message":"Closing JPA EntityManagerFactory for persistence unit 'default'","logger_name":"org.springframework.orm.jpa.LocalContainerEntityManagerFactoryBean","thread_name":"SpringApplicationShutdownHook","level":"INFO","level_value":20000}
{"@timestamp":"2025-12-02T21:30:48.943736944-04:00","@version":"1","message":"HikariPool-1 - Shutdown initiated...","logger_name":"com.zaxxer.hikari.HikariDataSource","thread_name":"SpringApplicationShutdownHook","level":"INFO","level_value":20000}
{"@timestamp":"2025-12-02T21:30:48.946065586-04:00","@version":"1","message":"HikariPool-1 - Shutdown completed.","logger_name":"com.zaxxer.hikari.HikariDataSource","thread_name":"SpringApplicationShutdownHook","level":"INFO","level_value":20000}
